Compiling the C compiler identification source file "CMakeCCompilerId.c" failed.
Compiler: C:/Program Files (x86)/Microsoft Visual Studio/2019/Community/VC/Tools/MSVC/14.22.27905/bin/HostX64/x64/cl.exe 
Build flags: 
Id flags:  

The output was:
1
Microsoft (R) C/C++ Optimizing Compiler Version 19.22.27905 for x64
Copyright (C) Microsoft Corporation.  All rights reserved.

CMakeCCompilerId.c
C:\Users\Anthony\source\repos\Simplex_2185\include\glm\out\build\x64-Debug\CMakeFiles\3.14.19060802-MSVC_2\CompilerIdC\CMakeCCompilerId.c : fatal error C1083: Cannot open compiler generated file: 'C:\Users\Anthony\source\repos\Simplex_2185\include\glm\out\build\x64-Debug\CMakeFiles\3.14.19060802-MSVC_2\CompilerIdC\CMakeCCompilerId.obj': Permission denied


Compiling the C compiler identification source file "CMakeCCompilerId.c" failed.
Compiler: C:/Program Files (x86)/Microsoft Visual Studio/2019/Community/VC/Tools/MSVC/14.22.27905/bin/HostX64/x64/cl.exe 
Build flags: 
Id flags:  

The output was:
2
Microsoft (R) C/C++ Optimizing Compiler Version 19.22.27905 for x64
Copyright (C) Microsoft Corporation.  All rights reserved.

CMakeCCompilerId.c
Microsoft (R) Incremental Linker Version 14.22.27905.0
Copyright (C) Microsoft Corporation.  All rights reserved.

/out:CMakeCCompilerId.exe 
CMakeCCompilerId.obj 
LINK : fatal error LNK1181: cannot open input file 'CMakeCCompilerId.obj'


Compiling the CXX compiler identification source file "CMakeCXXCompilerId.cpp" failed.
Compiler: C:/Program Files (x86)/Microsoft Visual Studio/2019/Community/VC/Tools/MSVC/14.22.27905/bin/HostX64/x64/cl.exe 
Build flags: 
Id flags:  

The output was:
1
Microsoft (R) C/C++ Optimizing Compiler Version 19.22.27905 for x64
Copyright (C) Microsoft Corporation.  All rights reserved.

CMakeCXXCompilerId.cpp
C:\Users\Anthony\source\repos\Simplex_2185\include\glm\out\build\x64-Debug\CMakeFiles\3.14.19060802-MSVC_2\CompilerIdCXX\CMakeCXXCompilerId.cpp : fatal error C1083: Cannot open compiler generated file: 'C:\Users\Anthony\source\repos\Simplex_2185\include\glm\out\build\x64-Debug\CMakeFiles\3.14.19060802-MSVC_2\CompilerIdCXX\CMakeCXXCompilerId.obj': Permission denied


Compiling the CXX compiler identification source file "CMakeCXXCompilerId.cpp" failed.
Compiler: C:/Program Files (x86)/Microsoft Visual Studio/2019/Community/VC/Tools/MSVC/14.22.27905/bin/HostX64/x64/cl.exe 
Build flags: 
Id flags:  

The output was:
2
Microsoft (R) C/C++ Optimizing Compiler Version 19.22.27905 for x64
Copyright (C) Microsoft Corporation.  All rights reserved.

CMakeCXXCompilerId.cpp
Microsoft (R) Incremental Linker Version 14.22.27905.0
Copyright (C) Microsoft Corporation.  All rights reserved.

/out:CMakeCXXCompilerId.exe 
CMakeCXXCompilerId.obj 
LINK : fatal error LNK1181: cannot open input file 'CMakeCXXCompilerId.obj'


The CXX compiler identification could not be found in "C:/Users/Anthony/source/repos/Simplex_2185/include/glm/out/build/x64-Debug/CMakeFiles/3.14.19060802-MSVC_2/CompilerIdCXX/CMakeCXXCompilerId.obj"

Compiling the CXX compiler identification source file "CMakeCXXCompilerId.cpp" failed.
Compiler: C:/Program Files (x86)/Microsoft Visual Studio/2019/Community/VC/Tools/MSVC/14.22.27905/bin/HostX64/x64/cl.exe 
Build flags: 
Id flags: --c++ 

The output was:
1
Microsoft (R) C/C++ Optimizing Compiler Version 19.22.27905 for x64
Copyright (C) Microsoft Corporation.  All rights reserved.

cl : Command line warning D9002 : ignoring unknown option '--c++'
CMakeCXXCompilerId.cpp
C:\Users\Anthony\source\repos\Simplex_2185\include\glm\out\build\x64-Debug\CMakeFiles\3.14.19060802-MSVC_2\CompilerIdCXX\CMakeCXXCompilerId.cpp : fatal error C1083: Cannot open compiler generated file: 'C:\Users\Anthony\source\repos\Simplex_2185\include\glm\out\build\x64-Debug\CMakeFiles\3.14.19060802-MSVC_2\CompilerIdCXX\CMakeCXXCompilerId.obj': Permission denied


Compilation of the CXX compiler identification source "CMakeCXXCompilerId.cpp" did not produce an executable in "C:/Users/Anthony/source/repos/Simplex_2185/include/glm/out/build/x64-Debug/CMakeFiles/3.14.19060802-MSVC_2/CompilerIdCXX".

Compiling the CXX compiler identification source file "CMakeCXXCompilerId.cpp" failed.
Compiler: C:/Program Files (x86)/Microsoft Visual Studio/2019/Community/VC/Tools/MSVC/14.22.27905/bin/HostX64/x64/cl.exe 
Build flags: 
Id flags: --c++ 

The output was:
1
Microsoft (R) C/C++ Optimizing Compiler Version 19.22.27905 for x64
Copyright (C) Microsoft Corporation.  All rights reserved.

cl : Command line warning D9002 : ignoring unknown option '--c++'
CMakeCXXCompilerId.cpp
C:\Users\Anthony\source\repos\Simplex_2185\include\glm\out\build\x64-Debug\CMakeFiles\3.14.19060802-MSVC_2\CompilerIdCXX\CMakeCXXCompilerId.cpp : fatal error C1083: Cannot open compiler generated file: 'C:\Users\Anthony\source\repos\Simplex_2185\include\glm\out\build\x64-Debug\CMakeFiles\3.14.19060802-MSVC_2\CompilerIdCXX\CMakeCXXCompilerId.obj': Permission denied


Compiling the CXX compiler identification source file "CMakeCXXCompilerId.cpp" failed.
Compiler: C:/Program Files (x86)/Microsoft Visual Studio/2019/Community/VC/Tools/MSVC/14.22.27905/bin/HostX64/x64/cl.exe 
Build flags: 
Id flags: --ec++ 

The output was:
2
Microsoft (R) C/C++ Optimizing Compiler Version 19.22.27905 for x64
Copyright (C) Microsoft Corporation.  All rights reserved.

cl : Command line warning D9002 : ignoring unknown option '--ec++'
CMakeCXXCompilerId.cpp
Microsoft (R) Incremental Linker Version 14.22.27905.0
Copyright (C) Microsoft Corporation.  All rights reserved.

/out:CMakeCXXCompilerId.exe 
CMakeCXXCompilerId.obj 
LINK : fatal error LNK1181: cannot open input file 'CMakeCXXCompilerId.obj'


Compiling the CXX compiler identification source file "CMakeCXXCompilerId.cpp" failed.
Compiler: C:/Program Files (x86)/Microsoft Visual Studio/2019/Community/VC/Tools/MSVC/14.22.27905/bin/HostX64/x64/cl.exe 
Build flags: 
Id flags:  

The output was:
2
Microsoft (R) C/C++ Optimizing Compiler Version 19.22.27905 for x64
Copyright (C) Microsoft Corporation.  All rights reserved.

CMakeCXXCompilerId.cpp
Microsoft (R) Incremental Linker Version 14.22.27905.0
Copyright (C) Microsoft Corporation.  All rights reserved.

/out:CMakeCXXCompilerId.exe 
CMakeCXXCompilerId.obj 
LINK : fatal error LNK1104: cannot open file 'CMakeCXXCompilerId.exe'


Compiling the CXX compiler identification source file "CMakeCXXCompilerId.cpp" failed.
Compiler: C:/Program Files (x86)/Microsoft Visual Studio/2019/Community/VC/Tools/MSVC/14.22.27905/bin/HostX64/x64/cl.exe 
Build flags: 
Id flags: --ec++ 

The output was:
2
Microsoft (R) C/C++ Optimizing Compiler Version 19.22.27905 for x64
Copyright (C) Microsoft Corporation.  All rights reserved.

cl : Command line warning D9002 : ignoring unknown option '--ec++'
CMakeCXXCompilerId.cpp
Microsoft (R) Incremental Linker Version 14.22.27905.0
Copyright (C) Microsoft Corporation.  All rights reserved.

/out:CMakeCXXCompilerId.exe 
CMakeCXXCompilerId.obj 
LINK : fatal error LNK1104: cannot open file 'LIBCMT.lib'


Compiling the CXX compiler identification source file "CMakeCXXCompilerId.cpp" failed.
Compiler: C:/Program Files (x86)/Microsoft Visual Studio/2019/Community/VC/Tools/MSVC/14.22.27905/bin/HostX64/x64/cl.exe 
Build flags: 
Id flags:  

The output was:
2
Microsoft (R) C/C++ Optimizing Compiler Version 19.22.27905 for x64
Copyright (C) Microsoft Corporation.  All rights reserved.

CMakeCXXCompilerId.cpp
Microsoft (R) Incremental Linker Version 14.22.27905.0
Copyright (C) Microsoft Corporation.  All rights reserved.

/out:CMakeCXXCompilerId.exe 
CMakeCXXCompilerId.obj 
LINK : fatal error LNK1104: cannot open file 'LIBCMT.lib'


Compiling the CXX compiler identification source file "CMakeCXXCompilerId.cpp" failed.
Compiler: C:/Program Files (x86)/Microsoft Visual Studio/2019/Community/VC/Tools/MSVC/14.22.27905/bin/HostX64/x64/cl.exe 
Build flags: 
Id flags: -c 

The output was:
2
Microsoft (R) C/C++ Optimizing Compiler Version 19.22.27905 for x64
Copyright (C) Microsoft Corporation.  All rights reserved.

CMakeCXXCompilerId.cpp
c1xx: fatal error C1083: Cannot open source file: 'CMakeCXXCompilerId.cpp': No such file or directory


Compiling the CXX compiler identification source file "CMakeCXXCompilerId.cpp" failed.
Compiler: C:/Program Files (x86)/Microsoft Visual Studio/2019/Community/VC/Tools/MSVC/14.22.27905/bin/HostX64/x64/cl.exe 
Build flags: 
Id flags: --c++ 

The output was:
2
Microsoft (R) C/C++ Optimizing Compiler Version 19.22.27905 for x64
Copyright (C) Microsoft Corporation.  All rights reserved.

cl : Command line warning D9002 : ignoring unknown option '--c++'
CMakeCXXCompilerId.cpp
Microsoft (R) Incremental Linker Version 14.22.27905.0
Copyright (C) Microsoft Corporation.  All rights reserved.

/out:CMakeCXXCompilerId.exe 
CMakeCXXCompilerId.obj 
LINK : fatal error LNK1104: cannot open file 'LIBCMT.lib'


Compiling the CXX compiler identification source file "CMakeCXXCompilerId.cpp" failed.
Compiler: C:/Program Files (x86)/Microsoft Visual Studio/2019/Community/VC/Tools/MSVC/14.22.27905/bin/HostX64/x64/cl.exe 
Build flags: 
Id flags: --ec++ 

The output was:
2
Microsoft (R) C/C++ Optimizing Compiler Version 19.22.27905 for x64
Copyright (C) Microsoft Corporation.  All rights reserved.

cl : Command line warning D9002 : ignoring unknown option '--ec++'
CMakeCXXCompilerId.cpp
Microsoft (R) Incremental Linker Version 14.22.27905.0
Copyright (C) Microsoft Corporation.  All rights reserved.

/out:CMakeCXXCompilerId.exe 
CMakeCXXCompilerId.obj 
LINK : fatal error LNK1104: cannot open file 'LIBCMT.lib'


Checking whether the CXX compiler is IAR using "" did not match "IAR .+ Compiler":
Microsoft (R) C/C++ Optimizing Compiler Version 19.22.27905 for x64
Copyright (C) Microsoft Corporation.  All rights reserved.

usage: cl [ option... ] filename... [ /link linkoption... ]
Checking whether the CXX compiler is IAR using "" did not match "IAR .+ Compiler":
Microsoft (R) C/C++ Optimizing Compiler Version 19.22.27905 for x64
Copyright (C) Microsoft Corporation.  All rights reserved.

usage: cl [ option... ] filename... [ /link linkoption... ]
Determining if the C compiler works failed with the following output:
Change Dir: C:/Users/Anthony/source/repos/Simplex_2185/include/glm/out/build/x64-Debug/CMakeFiles/CMakeTmp

Run Build Command(s):C:/Program Files (x86)/Microsoft Visual Studio/2019/Community/Common7/IDE/CommonExtensions/Microsoft/CMake/Ninja/ninja.exe cmTC_30cb2 
ninja: error: unknown target 'cmTC_30cb2'


Determining if the C compiler works failed with the following output:
Change Dir: C:/Users/Anthony/source/repos/Simplex_2185/include/glm/out/build/x64-Debug/CMakeFiles/CMakeTmp

Run Build Command(s):C:/Program Files (x86)/Microsoft Visual Studio/2019/Community/Common7/IDE/CommonExtensions/Microsoft/CMake/Ninja/ninja.exe cmTC_ac12f 
[1/2] Building C object CMakeFiles\cmTC_ac12f.dir\testCCompiler.c.obj
FAILED: CMakeFiles/cmTC_ac12f.dir/testCCompiler.c.obj 
C:\PROGRA~2\MICROS~1\2019\COMMUN~1\VC\Tools\MSVC\1422~1.279\bin\HostX64\x64\cl.exe  /nologo   /DWIN32 /D_WINDOWS /W3  /MDd /ZI /Ob0 /Od /RTC1 /JMC /showIncludes /FoCMakeFiles\cmTC_ac12f.dir\testCCompiler.c.obj /FdCMakeFiles\cmTC_ac12f.dir\ /FS -c testCCompiler.c
C:\Users\Anthony\source\repos\Simplex_2185\include\glm\out\build\x64-Debug\CMakeFiles\CMakeTmp\testCCompiler.c: fatal error C1041: cannot open program database 'C:\Users\Anthony\source\repos\Simplex_2185\include\glm\out\build\x64-Debug\CMakeFiles\CMakeTmp\CMakeFiles\cmTC_ac12f.dir\vc140.pdb'; if multiple CL.EXE write to the same .PDB file, please use /FS
ninja: build stopped: subcommand failed.


